<?xml version="1.0" encoding="UTF-8"?>
<testng-results ignored="0" total="1" passed="1" failed="0" skipped="0">
  <reporter-output>
    <line>
      <![CDATA[Launch Chrome WebDriver]]>
    </line>
    <line>
      <![CDATA[Navigate to Numadic Careers Page.]]>
    </line>
    <line>
      <![CDATA[<h1>TEST6</h1>]]>
    </line>
    <line>
      <![CDATA[<h2>Test EMail Login page. </h2>]]>
    </line>
    <line>
      <![CDATA[<img src="D:\New Project\ResolverUITest\Screenshots\2022-914-18 19-14-39 pageScrollDown.png"/>]]>
    </line>
    <line>
      <![CDATA[Write a method that allows you to find the value of any cell on the grid. Use the method to find the value of the cell at coordinates 2, 2 (staring at 0 in the top left corner)]]>
    </line>
    <line>
      <![CDATA[Assert that the value of the cell is "Ventosanzap". ]]>
    </line>
    <line>
      <![CDATA[<img src="D:\New Project\ResolverUITest\Screenshots\2022-914-18 19-14-39 cellValueSS.png"/>]]>
    </line>
    <line>
      <![CDATA[Close the browser. ]]>
    </line>
    <line>
      <![CDATA[Close all the tabs and Chrome WebDriver. ]]>
    </line>
  </reporter-output>
  <suite started-at="2022-09-18T19:14:35 IST" name="Default suite" finished-at="2022-09-18T19:14:40 IST" duration-ms="4832">
    <groups>
    </groups>
    <test started-at="2022-09-18T19:14:35 IST" name="Default test" finished-at="2022-09-18T19:14:40 IST" duration-ms="4832">
      <class name="ApplicationTestingTestFiles.ValidateStaticTableTest">
        <test-method is-config="true" signature="brwsrLaunch()[pri:0, instance:ApplicationTestingTestFiles.ValidateStaticTableTest@35d019a3]" started-at="2022-09-18T19:14:35 IST" name="brwsrLaunch" finished-at="2022-09-18T19:14:39 IST" duration-ms="3998" status="PASS">
          <reporter-output>
            <line>
              <![CDATA[Launch Chrome WebDriver]]>
            </line>
            <line>
              <![CDATA[Navigate to Numadic Careers Page.]]>
            </line>
          </reporter-output>
        </test-method> <!-- brwsrLaunch -->
        <test-method signature="test()[pri:0, instance:ApplicationTestingTestFiles.ValidateStaticTableTest@35d019a3]" started-at="2022-09-18T19:14:39 IST" name="test" finished-at="2022-09-18T19:14:39 IST" duration-ms="587" status="PASS">
          <reporter-output>
            <line>
              <![CDATA[<h1>TEST6</h1>]]>
            </line>
            <line>
              <![CDATA[<h2>Test EMail Login page. </h2>]]>
            </line>
            <line>
              <![CDATA[<img src="D:\New Project\ResolverUITest\Screenshots\2022-914-18 19-14-39 pageScrollDown.png"/>]]>
            </line>
            <line>
              <![CDATA[Write a method that allows you to find the value of any cell on the grid. Use the method to find the value of the cell at coordinates 2, 2 (staring at 0 in the top left corner)]]>
            </line>
            <line>
              <![CDATA[Assert that the value of the cell is "Ventosanzap". ]]>
            </line>
            <line>
              <![CDATA[<img src="D:\New Project\ResolverUITest\Screenshots\2022-914-18 19-14-39 cellValueSS.png"/>]]>
            </line>
            <line>
              <![CDATA[Close the browser. ]]>
            </line>
          </reporter-output>
        </test-method> <!-- test -->
        <test-method is-config="true" signature="closeApplication()[pri:0, instance:ApplicationTestingTestFiles.ValidateStaticTableTest@35d019a3]" started-at="2022-09-18T19:14:39 IST" name="closeApplication" finished-at="2022-09-18T19:14:40 IST" duration-ms="204" status="PASS">
          <reporter-output>
            <line>
              <![CDATA[Close all the tabs and Chrome WebDriver. ]]>
            </line>
          </reporter-output>
        </test-method> <!-- closeApplication -->
      </class> <!-- ApplicationTestingTestFiles.ValidateStaticTableTest -->
    </test> <!-- Default test -->
  </suite> <!-- Default suite -->
</testng-results>
